<?xml version="1.0" encoding="UTF-8"?>
<!-- Generated by org.testng.reporters.JUnitReportReporter -->
<testsuite hostname="DESKTOP-0885IFF" failures="0" tests="2" name="testclass" time="0.022" errors="0" timestamp="2023-07-19T14:17:18 IST" skipped="0">
  <testcase classname="testclass" name="testdemo" time="0.002"/>
  <system-out/>
  <testcase classname="testclass" name="testdemo" time="0.020"/>
  <system-out/>
</testsuite> <!-- testclass -->
